<?xml version="1.0" encoding="UTF-8"?>
<!-- Generated by org.testng.reporters.JUnitReportReporter -->
<testsuite hostname="Anushas-MacBook-Pro.local" failures="4" tests="56" name="test_runner_team08.TestRunner" time="12.738" errors="0" timestamp="2024-03-31T21:20:18 EDT" skipped="0">
  <testcase classname="test_runner_team08.TestRunner" name="runScenario" time="0.117"/>
  <testcase classname="test_runner_team08.TestRunner" name="runScenario" time="0.128"/>
  <testcase classname="test_runner_team08.TestRunner" name="runScenario" time="0.158"/>
  <testcase classname="test_runner_team08.TestRunner" name="runScenario" time="0.150"/>
  <testcase classname="test_runner_team08.TestRunner" name="runScenario" time="0.120"/>
  <testcase classname="test_runner_team08.TestRunner" name="runScenario" time="0.504"/>
  <testcase classname="test_runner_team08.TestRunner" name="runScenario" time="0.154"/>
  <testcase classname="test_runner_team08.TestRunner" name="runScenario" time="0.168"/>
  <testcase classname="test_runner_team08.TestRunner" name="runScenario" time="0.121"/>
  <testcase classname="test_runner_team08.TestRunner" name="runScenario" time="0.145"/>
  <testcase classname="test_runner_team08.TestRunner" name="runScenario" time="0.122"/>
  <testcase classname="test_runner_team08.TestRunner" name="runScenario" time="0.128"/>
  <testcase classname="test_runner_team08.TestRunner" name="runScenario" time="0.149"/>
  <testcase classname="test_runner_team08.TestRunner" name="runScenario" time="0.407">
    <failure message="expected:&lt;400&gt; but was:&lt;201&gt;" type="java.lang.AssertionError">
      <![CDATA[java.lang.AssertionError: expected:<400> but was:<201>
at org.junit.Assert.fail(Assert.java:93)
at org.junit.Assert.failNotEquals(Assert.java:647)
at org.junit.Assert.assertEquals(Assert.java:128)
at org.junit.Assert.assertEquals(Assert.java:472)
at utilities_team08.CommonValidation.statusValidations(CommonValidation.java:69)
at step_definition_team08.UserModuleStepDefinition.admin_receives_bad_request_status_with_message_and_boolean_success_details(UserModuleStepDefinition.java:263)
at ✽.Admin receives 400 Bad Request Status with message and boolean success details(file:///Users/anushakarthick/Desktop/Phase2RestAssured/BAckUps/Anusha_Team8_APIArchitects_RestAssured/src/test/resources/features/UserModule1.feature:59)
]]>
    </failure>
  </testcase> <!-- runScenario -->
  <testcase classname="test_runner_team08.TestRunner" name="runScenario" time="0.155"/>
  <testcase classname="test_runner_team08.TestRunner" name="runScenario" time="0.488">
    <failure message="expected:&lt;400&gt; but was:&lt;201&gt;" type="java.lang.AssertionError">
      <![CDATA[java.lang.AssertionError: expected:<400> but was:<201>
at org.junit.Assert.fail(Assert.java:93)
at org.junit.Assert.failNotEquals(Assert.java:647)
at org.junit.Assert.assertEquals(Assert.java:128)
at org.junit.Assert.assertEquals(Assert.java:472)
at utilities_team08.CommonValidation.statusValidations(CommonValidation.java:69)
at step_definition_team08.UserModuleStepDefinition.admin_receives_bad_request_status_with_message_and_boolean_success_details(UserModuleStepDefinition.java:263)
at ✽.Admin receives 400 Bad Request Status with message and boolean success details(file:///Users/anushakarthick/Desktop/Phase2RestAssured/BAckUps/Anusha_Team8_APIArchitects_RestAssured/src/test/resources/features/UserModule1.feature:42)
]]>
    </failure>
  </testcase> <!-- runScenario -->
  <testcase classname="test_runner_team08.TestRunner" name="runScenario" time="0.126"/>
  <testcase classname="test_runner_team08.TestRunner" name="runScenario" time="0.130"/>
  <testcase classname="test_runner_team08.TestRunner" name="runScenario" time="0.166"/>
  <testcase classname="test_runner_team08.TestRunner" name="runScenario" time="0.120"/>
  <testcase classname="test_runner_team08.TestRunner" name="runScenario" time="0.388"/>
  <testcase classname="test_runner_team08.TestRunner" name="runScenario" time="0.353"/>
  <testcase classname="test_runner_team08.TestRunner" name="runScenario" time="0.126"/>
  <testcase classname="test_runner_team08.TestRunner" name="runScenario" time="0.143"/>
  <testcase classname="test_runner_team08.TestRunner" name="runScenario" time="0.129"/>
  <testcase classname="test_runner_team08.TestRunner" name="runScenario" time="0.142"/>
  <testcase classname="test_runner_team08.TestRunner" name="runScenario" time="0.124"/>
  <testcase classname="test_runner_team08.TestRunner" name="runScenario" time="0.124"/>
  <testcase classname="test_runner_team08.TestRunner" name="runScenario" time="1.481"/>
  <testcase classname="test_runner_team08.TestRunner" name="runScenario" time="0.138"/>
  <testcase classname="test_runner_team08.TestRunner" name="runScenario" time="0.134"/>
  <testcase classname="test_runner_team08.TestRunner" name="runScenario" time="0.423">
    <failure message="expected:&lt;400&gt; but was:&lt;201&gt;" type="java.lang.AssertionError">
      <![CDATA[java.lang.AssertionError: expected:<400> but was:<201>
at org.junit.Assert.fail(Assert.java:93)
at org.junit.Assert.failNotEquals(Assert.java:647)
at org.junit.Assert.assertEquals(Assert.java:128)
at org.junit.Assert.assertEquals(Assert.java:472)
at utilities_team08.CommonValidation.statusValidations(CommonValidation.java:69)
at step_definition_team08.UserModuleStepDefinition.admin_receives_bad_request_status_with_message_and_boolean_success_details(UserModuleStepDefinition.java:263)
at ✽.Admin receives 400 Bad Request Status with message and boolean success details(file:///Users/anushakarthick/Desktop/Phase2RestAssured/BAckUps/Anusha_Team8_APIArchitects_RestAssured/src/test/resources/features/UserModule1.feature:42)
]]>
    </failure>
  </testcase> <!-- runScenario -->
  <testcase classname="test_runner_team08.TestRunner" name="runScenario" time="0.609"/>
  <testcase classname="test_runner_team08.TestRunner" name="runScenario" time="0.447"/>
  <testcase classname="test_runner_team08.TestRunner" name="runScenario" time="0.722"/>
  <testcase classname="test_runner_team08.TestRunner" name="runScenario" time="0.128"/>
  <testcase classname="test_runner_team08.TestRunner" name="runScenario" time="0.119"/>
  <testcase classname="test_runner_team08.TestRunner" name="runScenario" time="0.131"/>
  <testcase classname="test_runner_team08.TestRunner" name="runScenario" time="0.164"/>
  <testcase classname="test_runner_team08.TestRunner" name="runScenario" time="0.150"/>
  <testcase classname="test_runner_team08.TestRunner" name="runScenario" time="0.126"/>
  <testcase classname="test_runner_team08.TestRunner" name="runScenario" time="0.132"/>
  <testcase classname="test_runner_team08.TestRunner" name="runScenario" time="0.150"/>
  <testcase classname="test_runner_team08.TestRunner" name="runScenario" time="0.118"/>
  <testcase classname="test_runner_team08.TestRunner" name="runScenario" time="0.120"/>
  <testcase classname="test_runner_team08.TestRunner" name="runScenario" time="0.433">
    <failure message="expected:&lt;400&gt; but was:&lt;201&gt;" type="java.lang.AssertionError">
      <![CDATA[java.lang.AssertionError: expected:<400> but was:<201>
at org.junit.Assert.fail(Assert.java:93)
at org.junit.Assert.failNotEquals(Assert.java:647)
at org.junit.Assert.assertEquals(Assert.java:128)
at org.junit.Assert.assertEquals(Assert.java:472)
at utilities_team08.CommonValidation.statusValidations(CommonValidation.java:69)
at step_definition_team08.UserModuleStepDefinition.admin_receives_bad_request_status_with_message_and_boolean_success_details(UserModuleStepDefinition.java:263)
at ✽.Admin receives 400 Bad Request Status with message and boolean success details(file:///Users/anushakarthick/Desktop/Phase2RestAssured/BAckUps/Anusha_Team8_APIArchitects_RestAssured/src/test/resources/features/UserModule1.feature:59)
]]>
    </failure>
  </testcase> <!-- runScenario -->
  <testcase classname="test_runner_team08.TestRunner" name="runScenario" time="0.119"/>
  <testcase classname="test_runner_team08.TestRunner" name="runScenario" time="0.161"/>
  <testcase classname="test_runner_team08.TestRunner" name="runScenario" time="0.208"/>
  <testcase classname="test_runner_team08.TestRunner" name="runScenario" time="0.473"/>
  <testcase classname="test_runner_team08.TestRunner" name="runScenario" time="0.126"/>
  <testcase classname="test_runner_team08.TestRunner" name="runScenario" time="0.122"/>
  <testcase classname="test_runner_team08.TestRunner" name="runScenario" time="0.131"/>
  <testcase classname="test_runner_team08.TestRunner" name="runScenario" time="0.130"/>
  <testcase classname="test_runner_team08.TestRunner" name="runScenario" time="0.133"/>
  <testcase classname="test_runner_team08.TestRunner" name="runScenario" time="0.125"/>
</testsuite> <!-- test_runner_team08.TestRunner -->
